{"/Users/80221634/Repositories/monorepo-frontend/packages/ui/.eslintrc.cjs": {"path":"/Users/80221634/Repositories/monorepo-frontend/packages/ui/.eslintrc.cjs","all":true,"statementMap":{"0":{"start":{"line":1,"column":0},"end":{"line":1,"column":45}},"1":{"start":{"line":2,"column":0},"end":{"line":2,"column":18}},"2":{"start":{"line":3,"column":0},"end":{"line":3,"column":13}},"3":{"start":{"line":4,"column":0},"end":{"line":4,"column":36}},"4":{"start":{"line":5,"column":0},"end":{"line":5,"column":44}},"5":{"start":{"line":6,"column":0},"end":{"line":6,"column":38}},"6":{"start":{"line":7,"column":0},"end":{"line":7,"column":18}},"7":{"start":{"line":8,"column":0},"end":{"line":8,"column":18}},"8":{"start":{"line":9,"column":0},"end":{"line":9,"column":4}},"9":{"start":{"line":10,"column":0},"end":{"line":10,"column":2}}},"s":{"0":0,"1":0,"2":0,"3":0,"4":0,"5":0,"6":0,"7":0,"8":0,"9":0},"branchMap":{"0":{"type":"branch","line":1,"loc":{"start":{"line":1,"column":245},"end":{"line":10,"column":2}},"locations":[{"start":{"line":1,"column":245},"end":{"line":10,"column":2}}]}},"b":{"0":[0]},"fnMap":{"0":{"name":"(empty-report)","decl":{"start":{"line":1,"column":245},"end":{"line":10,"column":2}},"loc":{"start":{"line":1,"column":245},"end":{"line":10,"column":2}},"line":1}},"f":{"0":0}}
,"/Users/80221634/Repositories/monorepo-frontend/packages/ui/index.ts": {"path":"/Users/80221634/Repositories/monorepo-frontend/packages/ui/index.ts","all":true,"statementMap":{"0":{"start":{"line":1,"column":0},"end":{"line":1,"column":29}}},"s":{"0":0},"branchMap":{"0":{"type":"branch","line":1,"loc":{"start":{"line":1,"column":0},"end":{"line":1,"column":14}},"locations":[{"start":{"line":1,"column":0},"end":{"line":1,"column":14}}]}},"b":{"0":[0]},"fnMap":{"0":{"name":"(empty-report)","decl":{"start":{"line":1,"column":0},"end":{"line":1,"column":14}},"loc":{"start":{"line":1,"column":0},"end":{"line":1,"column":14}},"line":1}},"f":{"0":0}}
,"/Users/80221634/Repositories/monorepo-frontend/packages/ui/components/badge.tsx": {"path":"/Users/80221634/Repositories/monorepo-frontend/packages/ui/components/badge.tsx","all":false,"statementMap":{"0":{"start":{"line":1,"column":0},"end":{"line":1,"column":26}},"9":{"start":{"line":10,"column":0},"end":{"line":10,"column":46}},"10":{"start":{"line":11,"column":0},"end":{"line":11,"column":20}},"11":{"start":{"line":12,"column":0},"end":{"line":12,"column":15}},"12":{"start":{"line":13,"column":0},"end":{"line":13,"column":8}},"13":{"start":{"line":14,"column":0},"end":{"line":14,"column":17}},"14":{"start":{"line":15,"column":0},"end":{"line":15,"column":11}},"15":{"start":{"line":16,"column":0},"end":{"line":16,"column":7}},"16":{"start":{"line":17,"column":0},"end":{"line":17,"column":95}},"18":{"start":{"line":19,"column":0},"end":{"line":19,"column":25}},"19":{"start":{"line":20,"column":0},"end":{"line":20,"column":53}},"20":{"start":{"line":21,"column":0},"end":{"line":21,"column":51}},"21":{"start":{"line":22,"column":0},"end":{"line":22,"column":61}},"22":{"start":{"line":23,"column":0},"end":{"line":23,"column":57}},"23":{"start":{"line":24,"column":0},"end":{"line":24,"column":53}},"24":{"start":{"line":25,"column":0},"end":{"line":25,"column":4}},"26":{"start":{"line":27,"column":0},"end":{"line":27,"column":22}},"27":{"start":{"line":28,"column":0},"end":{"line":28,"column":32}},"28":{"start":{"line":29,"column":0},"end":{"line":29,"column":28}},"29":{"start":{"line":30,"column":0},"end":{"line":30,"column":32}},"30":{"start":{"line":31,"column":0},"end":{"line":31,"column":4}},"32":{"start":{"line":33,"column":0},"end":{"line":33,"column":100}},"34":{"start":{"line":35,"column":0},"end":{"line":35,"column":10}},"35":{"start":{"line":36,"column":0},"end":{"line":36,"column":41}},"36":{"start":{"line":37,"column":0},"end":{"line":37,"column":13}},"37":{"start":{"line":38,"column":0},"end":{"line":38,"column":11}},"39":{"start":{"line":40,"column":0},"end":{"line":40,"column":2}}},"s":{"0":1,"9":1,"10":12,"11":12,"12":12,"13":12,"14":12,"15":12,"16":12,"18":12,"19":12,"20":12,"21":12,"22":12,"23":12,"24":12,"26":12,"27":12,"28":12,"29":12,"30":12,"32":12,"34":12,"35":12,"36":12,"37":12,"39":12},"branchMap":{"0":{"type":"branch","line":10,"loc":{"start":{"line":10,"column":43},"end":{"line":40,"column":2}},"locations":[{"start":{"line":10,"column":43},"end":{"line":40,"column":2}}]}},"b":{"0":[12]},"fnMap":{"0":{"name":"Badge","decl":{"start":{"line":10,"column":43},"end":{"line":40,"column":2}},"loc":{"start":{"line":10,"column":43},"end":{"line":40,"column":2}},"line":10}},"f":{"0":12}}
,"/Users/80221634/Repositories/monorepo-frontend/packages/ui/components/button.tsx": {"path":"/Users/80221634/Repositories/monorepo-frontend/packages/ui/components/button.tsx","all":false,"statementMap":{"0":{"start":{"line":1,"column":0},"end":{"line":1,"column":26}},"10":{"start":{"line":11,"column":0},"end":{"line":11,"column":47}},"11":{"start":{"line":12,"column":0},"end":{"line":12,"column":22}},"12":{"start":{"line":13,"column":0},"end":{"line":13,"column":14}},"13":{"start":{"line":14,"column":0},"end":{"line":14,"column":11}},"14":{"start":{"line":15,"column":0},"end":{"line":15,"column":7}},"15":{"start":{"line":16,"column":0},"end":{"line":16,"column":25}},"16":{"start":{"line":17,"column":0},"end":{"line":17,"column":17}},"17":{"start":{"line":18,"column":0},"end":{"line":18,"column":10}},"18":{"start":{"line":19,"column":0},"end":{"line":19,"column":7}},"19":{"start":{"line":20,"column":0},"end":{"line":20,"column":174}},"21":{"start":{"line":22,"column":0},"end":{"line":22,"column":25}},"22":{"start":{"line":23,"column":0},"end":{"line":23,"column":99}},"23":{"start":{"line":24,"column":0},"end":{"line":24,"column":119}},"24":{"start":{"line":25,"column":0},"end":{"line":25,"column":110}},"25":{"start":{"line":26,"column":0},"end":{"line":26,"column":83}},"26":{"start":{"line":27,"column":0},"end":{"line":27,"column":95}},"27":{"start":{"line":28,"column":0},"end":{"line":28,"column":4}},"29":{"start":{"line":30,"column":0},"end":{"line":30,"column":22}},"30":{"start":{"line":31,"column":0},"end":{"line":31,"column":28}},"31":{"start":{"line":32,"column":0},"end":{"line":32,"column":32}},"32":{"start":{"line":33,"column":0},"end":{"line":33,"column":28}},"33":{"start":{"line":34,"column":0},"end":{"line":34,"column":4}},"35":{"start":{"line":36,"column":0},"end":{"line":36,"column":100}},"37":{"start":{"line":38,"column":0},"end":{"line":38,"column":31}},"38":{"start":{"line":39,"column":0},"end":{"line":39,"column":88}},"39":{"start":{"line":40,"column":0},"end":{"line":40,"column":12}},"40":{"start":{"line":41,"column":0},"end":{"line":41,"column":11}},"43":{"start":{"line":44,"column":0},"end":{"line":44,"column":10}},"44":{"start":{"line":45,"column":0},"end":{"line":45,"column":43}},"45":{"start":{"line":46,"column":0},"end":{"line":46,"column":54}},"46":{"start":{"line":47,"column":0},"end":{"line":47,"column":16}},"47":{"start":{"line":48,"column":0},"end":{"line":48,"column":55}},"48":{"start":{"line":49,"column":0},"end":{"line":49,"column":13}},"50":{"start":{"line":51,"column":0},"end":{"line":51,"column":2}}},"s":{"0":1,"10":1,"11":15,"12":15,"13":15,"14":15,"15":15,"16":15,"17":15,"18":15,"19":15,"21":15,"22":15,"23":15,"24":15,"25":15,"26":15,"27":15,"29":15,"30":15,"31":15,"32":15,"33":15,"35":15,"37":15,"38":2,"39":2,"40":2,"43":15,"44":15,"45":15,"46":15,"47":15,"48":15,"50":15},"branchMap":{"0":{"type":"branch","line":11,"loc":{"start":{"line":11,"column":45},"end":{"line":51,"column":2}},"locations":[{"start":{"line":11,"column":45},"end":{"line":51,"column":2}}]},"1":{"type":"branch","line":38,"loc":{"start":{"line":38,"column":22},"end":{"line":41,"column":11}},"locations":[{"start":{"line":38,"column":22},"end":{"line":41,"column":11}}]},"2":{"type":"branch","line":39,"loc":{"start":{"line":39,"column":30},"end":{"line":39,"column":49}},"locations":[{"start":{"line":39,"column":30},"end":{"line":39,"column":49}}]},"3":{"type":"branch","line":39,"loc":{"start":{"line":39,"column":58},"end":{"line":39,"column":77}},"locations":[{"start":{"line":39,"column":58},"end":{"line":39,"column":77}}]},"4":{"type":"branch","line":46,"loc":{"start":{"line":46,"column":7},"end":{"line":46,"column":42}},"locations":[{"start":{"line":46,"column":7},"end":{"line":46,"column":42}}]},"5":{"type":"branch","line":46,"loc":{"start":{"line":46,"column":32},"end":{"line":46,"column":54}},"locations":[{"start":{"line":46,"column":32},"end":{"line":46,"column":54}}]},"6":{"type":"branch","line":48,"loc":{"start":{"line":48,"column":7},"end":{"line":48,"column":43}},"locations":[{"start":{"line":48,"column":7},"end":{"line":48,"column":43}}]},"7":{"type":"branch","line":48,"loc":{"start":{"line":48,"column":32},"end":{"line":48,"column":55}},"locations":[{"start":{"line":48,"column":32},"end":{"line":48,"column":55}}]}},"b":{"0":[15],"1":[2],"2":[0],"3":[0],"4":[2],"5":[1],"6":[2],"7":[1]},"fnMap":{"0":{"name":"Button","decl":{"start":{"line":11,"column":45},"end":{"line":51,"column":2}},"loc":{"start":{"line":11,"column":45},"end":{"line":51,"column":2}},"line":11}},"f":{"0":15}}
,"/Users/80221634/Repositories/monorepo-frontend/packages/ui/components/card.tsx": {"path":"/Users/80221634/Repositories/monorepo-frontend/packages/ui/components/card.tsx","all":false,"statementMap":{"0":{"start":{"line":1,"column":0},"end":{"line":1,"column":26}},"9":{"start":{"line":10,"column":0},"end":{"line":10,"column":43}},"10":{"start":{"line":11,"column":0},"end":{"line":11,"column":8}},"11":{"start":{"line":12,"column":0},"end":{"line":12,"column":11}},"12":{"start":{"line":13,"column":0},"end":{"line":13,"column":9}},"13":{"start":{"line":14,"column":0},"end":{"line":14,"column":17}},"14":{"start":{"line":15,"column":0},"end":{"line":15,"column":7}},"15":{"start":{"line":16,"column":0},"end":{"line":16,"column":10}},"16":{"start":{"line":17,"column":0},"end":{"line":17,"column":105}},"17":{"start":{"line":18,"column":0},"end":{"line":18,"column":17}},"18":{"start":{"line":19,"column":0},"end":{"line":19,"column":60}},"19":{"start":{"line":20,"column":0},"end":{"line":20,"column":74}},"20":{"start":{"line":21,"column":0},"end":{"line":21,"column":14}},"22":{"start":{"line":23,"column":0},"end":{"line":23,"column":33}},"23":{"start":{"line":24,"column":0},"end":{"line":24,"column":18}},"24":{"start":{"line":25,"column":0},"end":{"line":25,"column":12}},"25":{"start":{"line":26,"column":0},"end":{"line":26,"column":18}},"26":{"start":{"line":27,"column":0},"end":{"line":27,"column":71}},"27":{"start":{"line":28,"column":0},"end":{"line":28,"column":18}},"28":{"start":{"line":29,"column":0},"end":{"line":29,"column":14}},"30":{"start":{"line":31,"column":0},"end":{"line":31,"column":10}},"32":{"start":{"line":33,"column":0},"end":{"line":33,"column":2}}},"s":{"0":1,"9":1,"10":8,"11":8,"12":8,"13":8,"14":8,"15":8,"16":8,"17":8,"18":3,"19":3,"20":3,"22":8,"23":8,"24":8,"25":8,"26":2,"27":2,"28":2,"30":8,"32":8},"branchMap":{"0":{"type":"branch","line":10,"loc":{"start":{"line":10,"column":41},"end":{"line":33,"column":2}},"locations":[{"start":{"line":10,"column":41},"end":{"line":33,"column":2}}]},"1":{"type":"branch","line":18,"loc":{"start":{"line":18,"column":7},"end":{"line":21,"column":14}},"locations":[{"start":{"line":18,"column":7},"end":{"line":21,"column":14}}]},"2":{"type":"branch","line":26,"loc":{"start":{"line":26,"column":7},"end":{"line":29,"column":14}},"locations":[{"start":{"line":26,"column":7},"end":{"line":29,"column":14}}]}},"b":{"0":[8],"1":[3],"2":[2]},"fnMap":{"0":{"name":"Card","decl":{"start":{"line":10,"column":41},"end":{"line":33,"column":2}},"loc":{"start":{"line":10,"column":41},"end":{"line":33,"column":2}},"line":10}},"f":{"0":8}}
,"/Users/80221634/Repositories/monorepo-frontend/packages/ui/components/counter.tsx": {"path":"/Users/80221634/Repositories/monorepo-frontend/packages/ui/components/counter.tsx","all":false,"statementMap":{"0":{"start":{"line":1,"column":0},"end":{"line":1,"column":40}},"2":{"start":{"line":3,"column":0},"end":{"line":3,"column":40}},"3":{"start":{"line":4,"column":0},"end":{"line":4,"column":40}},"5":{"start":{"line":6,"column":0},"end":{"line":6,"column":10}},"6":{"start":{"line":7,"column":0},"end":{"line":7,"column":75}},"7":{"start":{"line":8,"column":0},"end":{"line":8,"column":13}},"8":{"start":{"line":9,"column":0},"end":{"line":9,"column":13}},"10":{"start":{"line":11,"column":0},"end":{"line":11,"column":2}}},"s":{"0":1,"2":1,"3":12,"5":12,"6":12,"7":12,"8":12,"10":12},"branchMap":{"0":{"type":"branch","line":3,"loc":{"start":{"line":3,"column":33},"end":{"line":11,"column":2}},"locations":[{"start":{"line":3,"column":33},"end":{"line":11,"column":2}}]},"1":{"type":"branch","line":7,"loc":{"start":{"line":7,"column":48},"end":{"line":7,"column":75}},"locations":[{"start":{"line":7,"column":48},"end":{"line":7,"column":75}}]}},"b":{"0":[12],"1":[7]},"fnMap":{"0":{"name":"Counter","decl":{"start":{"line":3,"column":33},"end":{"line":11,"column":2}},"loc":{"start":{"line":3,"column":33},"end":{"line":11,"column":2}},"line":3},"1":{"name":"onClick","decl":{"start":{"line":7,"column":48},"end":{"line":7,"column":75}},"loc":{"start":{"line":7,"column":48},"end":{"line":7,"column":75}},"line":7}},"f":{"0":12,"1":7}}
,"/Users/80221634/Repositories/monorepo-frontend/packages/ui/components/index.ts": {"path":"/Users/80221634/Repositories/monorepo-frontend/packages/ui/components/index.ts","all":true,"statementMap":{"0":{"start":{"line":1,"column":0},"end":{"line":1,"column":24}},"1":{"start":{"line":2,"column":0},"end":{"line":2,"column":25}},"2":{"start":{"line":3,"column":0},"end":{"line":3,"column":23}},"3":{"start":{"line":4,"column":0},"end":{"line":4,"column":26}},"4":{"start":{"line":5,"column":0},"end":{"line":5,"column":24}}},"s":{"0":0,"1":0,"2":0,"3":0,"4":0},"branchMap":{"0":{"type":"branch","line":1,"loc":{"start":{"line":1,"column":126},"end":{"line":5,"column":24}},"locations":[{"start":{"line":1,"column":126},"end":{"line":5,"column":24}}]}},"b":{"0":[0]},"fnMap":{"0":{"name":"(empty-report)","decl":{"start":{"line":1,"column":126},"end":{"line":5,"column":24}},"loc":{"start":{"line":1,"column":126},"end":{"line":5,"column":24}},"line":1}},"f":{"0":0}}
,"/Users/80221634/Repositories/monorepo-frontend/packages/ui/components/input.tsx": {"path":"/Users/80221634/Repositories/monorepo-frontend/packages/ui/components/input.tsx","all":false,"statementMap":{"0":{"start":{"line":1,"column":0},"end":{"line":1,"column":40}},"10":{"start":{"line":11,"column":0},"end":{"line":11,"column":45}},"11":{"start":{"line":12,"column":0},"end":{"line":12,"column":8}},"12":{"start":{"line":13,"column":0},"end":{"line":13,"column":8}},"13":{"start":{"line":14,"column":0},"end":{"line":14,"column":13}},"14":{"start":{"line":15,"column":0},"end":{"line":15,"column":7}},"15":{"start":{"line":16,"column":0},"end":{"line":16,"column":29}},"16":{"start":{"line":17,"column":0},"end":{"line":17,"column":17}},"17":{"start":{"line":18,"column":0},"end":{"line":18,"column":5}},"18":{"start":{"line":19,"column":0},"end":{"line":19,"column":7}},"19":{"start":{"line":20,"column":0},"end":{"line":20,"column":10}},"20":{"start":{"line":21,"column":0},"end":{"line":21,"column":7}},"21":{"start":{"line":22,"column":0},"end":{"line":22,"column":75}},"22":{"start":{"line":23,"column":0},"end":{"line":23,"column":27}},"23":{"start":{"line":24,"column":0},"end":{"line":24,"column":41}},"24":{"start":{"line":25,"column":0},"end":{"line":25,"column":58}},"25":{"start":{"line":26,"column":0},"end":{"line":26,"column":52}},"27":{"start":{"line":28,"column":0},"end":{"line":28,"column":63}},"29":{"start":{"line":30,"column":0},"end":{"line":30,"column":24}},"33":{"start":{"line":34,"column":0},"end":{"line":34,"column":35}},"34":{"start":{"line":35,"column":0},"end":{"line":35,"column":56}},"35":{"start":{"line":36,"column":0},"end":{"line":36,"column":15}},"36":{"start":{"line":37,"column":0},"end":{"line":37,"column":65}},"37":{"start":{"line":38,"column":0},"end":{"line":38,"column":17}},"38":{"start":{"line":39,"column":0},"end":{"line":39,"column":67}},"39":{"start":{"line":40,"column":0},"end":{"line":40,"column":47}},"40":{"start":{"line":41,"column":0},"end":{"line":41,"column":5}},"41":{"start":{"line":42,"column":0},"end":{"line":42,"column":16}},"42":{"start":{"line":43,"column":0},"end":{"line":43,"column":32}},"44":{"start":{"line":45,"column":0},"end":{"line":45,"column":25}},"45":{"start":{"line":46,"column":0},"end":{"line":46,"column":8}},"46":{"start":{"line":47,"column":0},"end":{"line":47,"column":92}},"47":{"start":{"line":48,"column":0},"end":{"line":48,"column":17}},"48":{"start":{"line":49,"column":0},"end":{"line":49,"column":27}},"49":{"start":{"line":50,"column":0},"end":{"line":50,"column":25}},"50":{"start":{"line":51,"column":0},"end":{"line":51,"column":52}},"52":{"start":{"line":53,"column":0},"end":{"line":53,"column":23}},"53":{"start":{"line":54,"column":0},"end":{"line":54,"column":10}},"54":{"start":{"line":55,"column":0},"end":{"line":55,"column":380}},"55":{"start":{"line":56,"column":0},"end":{"line":56,"column":11}},"57":{"start":{"line":58,"column":0},"end":{"line":58,"column":10}},"58":{"start":{"line":59,"column":0},"end":{"line":59,"column":116}},"59":{"start":{"line":60,"column":0},"end":{"line":60,"column":203}},"60":{"start":{"line":61,"column":0},"end":{"line":61,"column":11}},"62":{"start":{"line":63,"column":0},"end":{"line":63,"column":10}},"65":{"start":{"line":66,"column":0},"end":{"line":66,"column":10}},"66":{"start":{"line":67,"column":0},"end":{"line":67,"column":28}},"67":{"start":{"line":68,"column":0},"end":{"line":68,"column":17}},"68":{"start":{"line":69,"column":0},"end":{"line":69,"column":92}},"69":{"start":{"line":70,"column":0},"end":{"line":70,"column":17}},"70":{"start":{"line":71,"column":0},"end":{"line":71,"column":16}},"72":{"start":{"line":73,"column":0},"end":{"line":73,"column":32}},"73":{"start":{"line":74,"column":0},"end":{"line":74,"column":18}},"74":{"start":{"line":75,"column":0},"end":{"line":75,"column":112}},"75":{"start":{"line":76,"column":0},"end":{"line":76,"column":18}},"76":{"start":{"line":77,"column":0},"end":{"line":77,"column":16}},"78":{"start":{"line":79,"column":0},"end":{"line":79,"column":14}},"79":{"start":{"line":80,"column":0},"end":{"line":80,"column":22}},"80":{"start":{"line":81,"column":0},"end":{"line":81,"column":26}},"81":{"start":{"line":82,"column":0},"end":{"line":82,"column":34}},"82":{"start":{"line":83,"column":0},"end":{"line":83,"column":33}},"83":{"start":{"line":84,"column":0},"end":{"line":84,"column":102}},"84":{"start":{"line":85,"column":0},"end":{"line":85,"column":44}},"85":{"start":{"line":86,"column":0},"end":{"line":86,"column":44}},"86":{"start":{"line":87,"column":0},"end":{"line":87,"column":20}},"87":{"start":{"line":88,"column":0},"end":{"line":88,"column":10}},"88":{"start":{"line":89,"column":0},"end":{"line":89,"column":48}},"89":{"start":{"line":90,"column":0},"end":{"line":90,"column":79}},"90":{"start":{"line":91,"column":0},"end":{"line":91,"column":23}},"91":{"start":{"line":92,"column":0},"end":{"line":92,"column":16}},"93":{"start":{"line":94,"column":0},"end":{"line":94,"column":12}},"94":{"start":{"line":95,"column":0},"end":{"line":95,"column":17}},"95":{"start":{"line":96,"column":0},"end":{"line":96,"column":88}},"96":{"start":{"line":97,"column":0},"end":{"line":97,"column":17}},"97":{"start":{"line":98,"column":0},"end":{"line":98,"column":12}},"99":{"start":{"line":100,"column":0},"end":{"line":100,"column":32}},"100":{"start":{"line":101,"column":0},"end":{"line":101,"column":77}},"101":{"start":{"line":102,"column":0},"end":{"line":102,"column":22}},"102":{"start":{"line":103,"column":0},"end":{"line":103,"column":12}},"104":{"start":{"line":105,"column":0},"end":{"line":105,"column":10}},"106":{"start":{"line":107,"column":0},"end":{"line":107,"column":2}}},"s":{"0":1,"10":1,"11":19,"12":19,"13":19,"14":19,"15":19,"16":19,"17":19,"18":19,"19":19,"20":19,"21":19,"22":19,"23":19,"24":19,"25":19,"27":19,"29":19,"33":19,"34":19,"35":19,"36":5,"37":14,"38":1,"39":13,"40":19,"41":19,"42":19,"44":19,"45":2,"46":2,"47":2,"48":2,"49":2,"50":2,"52":2,"53":1,"54":1,"55":1,"57":1,"58":1,"59":1,"60":1,"62":2,"65":19,"66":19,"67":19,"68":5,"69":5,"70":5,"72":19,"73":19,"74":0,"75":0,"76":0,"78":19,"79":19,"80":19,"81":19,"82":19,"83":19,"84":19,"85":19,"86":19,"87":19,"88":19,"89":2,"90":2,"91":2,"93":19,"94":19,"95":5,"96":5,"97":5,"99":19,"100":2,"101":2,"102":2,"104":19,"106":19},"branchMap":{"0":{"type":"branch","line":11,"loc":{"start":{"line":11,"column":43},"end":{"line":107,"column":2}},"locations":[{"start":{"line":11,"column":43},"end":{"line":107,"column":2}}]},"1":{"type":"branch","line":22,"loc":{"start":{"line":22,"column":18},"end":{"line":22,"column":75}},"locations":[{"start":{"line":22,"column":18},"end":{"line":22,"column":75}}]},"2":{"type":"branch","line":28,"loc":{"start":{"line":28,"column":20},"end":{"line":28,"column":49}},"locations":[{"start":{"line":28,"column":20},"end":{"line":28,"column":49}}]},"3":{"type":"branch","line":28,"loc":{"start":{"line":28,"column":34},"end":{"line":28,"column":58}},"locations":[{"start":{"line":28,"column":34},"end":{"line":28,"column":58}}]},"4":{"type":"branch","line":28,"loc":{"start":{"line":28,"column":49},"end":{"line":28,"column":63}},"locations":[{"start":{"line":28,"column":49},"end":{"line":28,"column":63}}]},"5":{"type":"branch","line":34,"loc":{"start":{"line":34,"column":6},"end":{"line":34,"column":28}},"locations":[{"start":{"line":34,"column":6},"end":{"line":34,"column":28}}]},"6":{"type":"branch","line":35,"loc":{"start":{"line":35,"column":7},"end":{"line":35,"column":43}},"locations":[{"start":{"line":35,"column":7},"end":{"line":35,"column":43}}]},"7":{"type":"branch","line":35,"loc":{"start":{"line":35,"column":21},"end":{"line":35,"column":53}},"locations":[{"start":{"line":35,"column":21},"end":{"line":35,"column":53}}]},"8":{"type":"branch","line":35,"loc":{"start":{"line":35,"column":43},"end":{"line":35,"column":55}},"locations":[{"start":{"line":35,"column":43},"end":{"line":35,"column":55}}]},"9":{"type":"branch","line":36,"loc":{"start":{"line":36,"column":6},"end":{"line":37,"column":65}},"locations":[{"start":{"line":36,"column":6},"end":{"line":37,"column":65}}]},"10":{"type":"branch","line":37,"loc":{"start":{"line":37,"column":8},"end":{"line":40,"column":47}},"locations":[{"start":{"line":37,"column":8},"end":{"line":40,"column":47}}]},"11":{"type":"branch","line":38,"loc":{"start":{"line":38,"column":8},"end":{"line":39,"column":67}},"locations":[{"start":{"line":38,"column":8},"end":{"line":39,"column":67}}]},"12":{"type":"branch","line":39,"loc":{"start":{"line":39,"column":8},"end":{"line":40,"column":47}},"locations":[{"start":{"line":39,"column":8},"end":{"line":40,"column":47}}]},"13":{"type":"branch","line":68,"loc":{"start":{"line":68,"column":7},"end":{"line":71,"column":16}},"locations":[{"start":{"line":68,"column":7},"end":{"line":71,"column":16}}]},"14":{"type":"branch","line":74,"loc":{"start":{"line":74,"column":9},"end":{"line":77,"column":16}},"locations":[{"start":{"line":74,"column":9},"end":{"line":77,"column":16}}]},"15":{"type":"branch","line":84,"loc":{"start":{"line":84,"column":28},"end":{"line":84,"column":57}},"locations":[{"start":{"line":84,"column":28},"end":{"line":84,"column":57}}]},"16":{"type":"branch","line":84,"loc":{"start":{"line":84,"column":46},"end":{"line":84,"column":102}},"locations":[{"start":{"line":84,"column":46},"end":{"line":84,"column":102}}]},"17":{"type":"branch","line":84,"loc":{"start":{"line":84,"column":57},"end":{"line":84,"column":92}},"locations":[{"start":{"line":84,"column":57},"end":{"line":84,"column":92}}]},"18":{"type":"branch","line":84,"loc":{"start":{"line":84,"column":80},"end":{"line":84,"column":102}},"locations":[{"start":{"line":84,"column":80},"end":{"line":84,"column":102}}]},"19":{"type":"branch","line":89,"loc":{"start":{"line":89,"column":10},"end":{"line":89,"column":48}},"locations":[{"start":{"line":89,"column":10},"end":{"line":89,"column":48}}]},"20":{"type":"branch","line":89,"loc":{"start":{"line":89,"column":24},"end":{"line":92,"column":16}},"locations":[{"start":{"line":89,"column":24},"end":{"line":92,"column":16}}]},"21":{"type":"branch","line":95,"loc":{"start":{"line":95,"column":7},"end":{"line":98,"column":12}},"locations":[{"start":{"line":95,"column":7},"end":{"line":98,"column":12}}]},"22":{"type":"branch","line":100,"loc":{"start":{"line":100,"column":7},"end":{"line":100,"column":32}},"locations":[{"start":{"line":100,"column":7},"end":{"line":100,"column":32}}]},"23":{"type":"branch","line":100,"loc":{"start":{"line":100,"column":22},"end":{"line":103,"column":12}},"locations":[{"start":{"line":100,"column":22},"end":{"line":103,"column":12}}]},"24":{"type":"branch","line":45,"loc":{"start":{"line":45,"column":18},"end":{"line":63,"column":10}},"locations":[{"start":{"line":45,"column":18},"end":{"line":63,"column":10}}]},"25":{"type":"branch","line":53,"loc":{"start":{"line":53,"column":7},"end":{"line":56,"column":11}},"locations":[{"start":{"line":53,"column":7},"end":{"line":56,"column":11}}]},"26":{"type":"branch","line":56,"loc":{"start":{"line":56,"column":8},"end":{"line":61,"column":11}},"locations":[{"start":{"line":56,"column":8},"end":{"line":61,"column":11}}]},"27":{"type":"branch","line":51,"loc":{"start":{"line":51,"column":15},"end":{"line":51,"column":52}},"locations":[{"start":{"line":51,"column":15},"end":{"line":51,"column":52}}]},"28":{"type":"branch","line":85,"loc":{"start":{"line":85,"column":19},"end":{"line":85,"column":44}},"locations":[{"start":{"line":85,"column":19},"end":{"line":85,"column":44}}]}},"b":{"0":[19],"1":[16],"2":[3],"3":[1],"4":[18],"5":[0],"6":[3],"7":[2],"8":[17],"9":[5],"10":[14],"11":[1],"12":[13],"13":[5],"14":[0],"15":[5],"16":[14],"17":[2],"18":[12],"19":[3],"20":[2],"21":[5],"22":[3],"23":[2],"24":[2],"25":[1],"26":[1],"27":[1],"28":[1]},"fnMap":{"0":{"name":"Input","decl":{"start":{"line":11,"column":43},"end":{"line":107,"column":2}},"loc":{"start":{"line":11,"column":43},"end":{"line":107,"column":2}},"line":11},"1":{"name":"EyeIcon","decl":{"start":{"line":45,"column":18},"end":{"line":63,"column":10}},"loc":{"start":{"line":45,"column":18},"end":{"line":63,"column":10}},"line":45},"2":{"name":"onClick","decl":{"start":{"line":51,"column":15},"end":{"line":51,"column":52}},"loc":{"start":{"line":51,"column":15},"end":{"line":51,"column":52}},"line":51},"3":{"name":"onFocus","decl":{"start":{"line":85,"column":19},"end":{"line":85,"column":44}},"loc":{"start":{"line":85,"column":19},"end":{"line":85,"column":44}},"line":85},"4":{"name":"onBlur","decl":{"start":{"line":86,"column":18},"end":{"line":86,"column":44}},"loc":{"start":{"line":86,"column":18},"end":{"line":86,"column":44}},"line":86}},"f":{"0":19,"1":2,"2":1,"3":1,"4":0}}
}
