TN:
SF:.eslintrc.cjs
FN:1,(empty-report)
FNF:1
FNH:0
FNDA:0,(empty-report)
DA:1,0
DA:2,0
DA:3,0
DA:4,0
DA:5,0
DA:6,0
DA:7,0
DA:8,0
DA:9,0
DA:10,0
LF:10
LH:0
BRDA:1,0,0,0
BRF:1
BRH:0
end_of_record
TN:
SF:index.ts
FN:1,(empty-report)
FNF:1
FNH:0
FNDA:0,(empty-report)
DA:1,0
LF:1
LH:0
BRDA:1,0,0,0
BRF:1
BRH:0
end_of_record
TN:
SF:components/badge.tsx
FN:10,Badge
FNF:1
FNH:1
FNDA:12,Badge
DA:1,1
DA:10,1
DA:11,12
DA:12,12
DA:13,12
DA:14,12
DA:15,12
DA:16,12
DA:17,12
DA:19,12
DA:20,12
DA:21,12
DA:22,12
DA:23,12
DA:24,12
DA:25,12
DA:27,12
DA:28,12
DA:29,12
DA:30,12
DA:31,12
DA:33,12
DA:35,12
DA:36,12
DA:37,12
DA:38,12
DA:40,12
LF:27
LH:27
BRDA:10,0,0,12
BRF:1
BRH:1
end_of_record
TN:
SF:components/button.tsx
FN:11,Button
FNF:1
FNH:1
FNDA:15,Button
DA:1,1
DA:11,1
DA:12,15
DA:13,15
DA:14,15
DA:15,15
DA:16,15
DA:17,15
DA:18,15
DA:19,15
DA:20,15
DA:22,15
DA:23,15
DA:24,15
DA:25,15
DA:26,15
DA:27,15
DA:28,15
DA:30,15
DA:31,15
DA:32,15
DA:33,15
DA:34,15
DA:36,15
DA:38,15
DA:39,2
DA:40,2
DA:41,2
DA:44,15
DA:45,15
DA:46,15
DA:47,15
DA:48,15
DA:49,15
DA:51,15
LF:35
LH:35
BRDA:11,0,0,15
BRDA:38,1,0,2
BRDA:39,2,0,0
BRDA:39,3,0,0
BRDA:46,4,0,2
BRDA:46,5,0,1
BRDA:48,6,0,2
BRDA:48,7,0,1
BRF:8
BRH:6
end_of_record
TN:
SF:components/card.tsx
FN:10,Card
FNF:1
FNH:1
FNDA:8,Card
DA:1,1
DA:10,1
DA:11,8
DA:12,8
DA:13,8
DA:14,8
DA:15,8
DA:16,8
DA:17,8
DA:18,8
DA:19,3
DA:20,3
DA:21,3
DA:23,8
DA:24,8
DA:25,8
DA:26,8
DA:27,2
DA:28,2
DA:29,2
DA:31,8
DA:33,8
LF:22
LH:22
BRDA:10,0,0,8
BRDA:18,1,0,3
BRDA:26,2,0,2
BRF:3
BRH:3
end_of_record
TN:
SF:components/counter.tsx
FN:3,Counter
FN:7,onClick
FNF:2
FNH:2
FNDA:12,Counter
FNDA:7,onClick
DA:1,1
DA:3,1
DA:4,12
DA:6,12
DA:7,12
DA:8,12
DA:9,12
DA:11,12
LF:8
LH:8
BRDA:3,0,0,12
BRDA:7,1,0,7
BRF:2
BRH:2
end_of_record
TN:
SF:components/index.ts
FN:1,(empty-report)
FNF:1
FNH:0
FNDA:0,(empty-report)
DA:1,0
DA:2,0
DA:3,0
DA:4,0
DA:5,0
LF:5
LH:0
BRDA:1,0,0,0
BRF:1
BRH:0
end_of_record
TN:
SF:components/input.tsx
FN:11,Input
FN:45,EyeIcon
FN:51,onClick
FN:85,onFocus
FN:86,onBlur
FNF:5
FNH:4
FNDA:19,Input
FNDA:2,EyeIcon
FNDA:1,onClick
FNDA:1,onFocus
FNDA:0,onBlur
DA:1,1
DA:11,1
DA:12,19
DA:13,19
DA:14,19
DA:15,19
DA:16,19
DA:17,19
DA:18,19
DA:19,19
DA:20,19
DA:21,19
DA:22,19
DA:23,19
DA:24,19
DA:25,19
DA:26,19
DA:28,19
DA:30,19
DA:34,19
DA:35,19
DA:36,19
DA:37,5
DA:38,14
DA:39,1
DA:40,13
DA:41,19
DA:42,19
DA:43,19
DA:45,19
DA:46,2
DA:47,2
DA:48,2
DA:49,2
DA:50,2
DA:51,2
DA:53,2
DA:54,1
DA:55,1
DA:56,1
DA:58,1
DA:59,1
DA:60,1
DA:61,1
DA:63,2
DA:66,19
DA:67,19
DA:68,19
DA:69,5
DA:70,5
DA:71,5
DA:73,19
DA:74,19
DA:75,0
DA:76,0
DA:77,0
DA:79,19
DA:80,19
DA:81,19
DA:82,19
DA:83,19
DA:84,19
DA:85,19
DA:86,19
DA:87,19
DA:88,19
DA:89,19
DA:90,2
DA:91,2
DA:92,2
DA:94,19
DA:95,19
DA:96,5
DA:97,5
DA:98,5
DA:100,19
DA:101,2
DA:102,2
DA:103,2
DA:105,19
DA:107,19
LF:81
LH:78
BRDA:11,0,0,19
BRDA:22,1,0,16
BRDA:28,2,0,3
BRDA:28,3,0,1
BRDA:28,4,0,18
BRDA:34,5,0,0
BRDA:35,6,0,3
BRDA:35,7,0,2
BRDA:35,8,0,17
BRDA:36,9,0,5
BRDA:37,10,0,14
BRDA:38,11,0,1
BRDA:39,12,0,13
BRDA:68,13,0,5
BRDA:74,14,0,0
BRDA:84,15,0,5
BRDA:84,16,0,14
BRDA:84,17,0,2
BRDA:84,18,0,12
BRDA:89,19,0,3
BRDA:89,20,0,2
BRDA:95,21,0,5
BRDA:100,22,0,3
BRDA:100,23,0,2
BRDA:45,24,0,2
BRDA:53,25,0,1
BRDA:56,26,0,1
BRDA:51,27,0,1
BRDA:85,28,0,1
BRF:29
BRH:27
end_of_record
